  src.cpp
  1 of 1 functions (100.0%) were compiled.
    0 functions were new in current compilation
    0 functions had inline decision re-evaluated but remain unchanged
LINK : warning LNK4098: defaultlib 'MSVCRTD' conflicts with use of other libs; use /NODEFAULTLIB:library
  Generating code
  Finished generating code
glfw3.lib(context.obj) : warning LNK4099: PDB '' was not found with 'glfw3.lib(context.obj)' or at ''; linking object as if no debug info
glfw3.lib(init.obj) : warning LNK4099: PDB '' was not found with 'glfw3.lib(init.obj)' or at ''; linking object as if no debug info
glfw3.lib(input.obj) : warning LNK4099: PDB '' was not found with 'glfw3.lib(input.obj)' or at ''; linking object as if no debug info
glfw3.lib(monitor.obj) : warning LNK4099: PDB '' was not found with 'glfw3.lib(monitor.obj)' or at ''; linking object as if no debug info
glfw3.lib(platform.obj) : warning LNK4099: PDB '' was not found with 'glfw3.lib(platform.obj)' or at ''; linking object as if no debug info
glfw3.lib(vulkan.obj) : warning LNK4099: PDB '' was not found with 'glfw3.lib(vulkan.obj)' or at ''; linking object as if no debug info
glfw3.lib(window.obj) : warning LNK4099: PDB '' was not found with 'glfw3.lib(window.obj)' or at ''; linking object as if no debug info
glfw3.lib(egl_context.obj) : warning LNK4099: PDB '' was not found with 'glfw3.lib(egl_context.obj)' or at ''; linking object as if no debug info
glfw3.lib(osmesa_context.obj) : warning LNK4099: PDB '' was not found with 'glfw3.lib(osmesa_context.obj)' or at ''; linking object as if no debug info
glfw3.lib(null_init.obj) : warning LNK4099: PDB '' was not found with 'glfw3.lib(null_init.obj)' or at ''; linking object as if no debug info
glfw3.lib(null_monitor.obj) : warning LNK4099: PDB '' was not found with 'glfw3.lib(null_monitor.obj)' or at ''; linking object as if no debug info
glfw3.lib(null_window.obj) : warning LNK4099: PDB '' was not found with 'glfw3.lib(null_window.obj)' or at ''; linking object as if no debug info
glfw3.lib(null_joystick.obj) : warning LNK4099: PDB '' was not found with 'glfw3.lib(null_joystick.obj)' or at ''; linking object as if no debug info
glfw3.lib(win32_module.obj) : warning LNK4099: PDB '' was not found with 'glfw3.lib(win32_module.obj)' or at ''; linking object as if no debug info
glfw3.lib(win32_time.obj) : warning LNK4099: PDB '' was not found with 'glfw3.lib(win32_time.obj)' or at ''; linking object as if no debug info
glfw3.lib(win32_thread.obj) : warning LNK4099: PDB '' was not found with 'glfw3.lib(win32_thread.obj)' or at ''; linking object as if no debug info
glfw3.lib(win32_init.obj) : warning LNK4099: PDB '' was not found with 'glfw3.lib(win32_init.obj)' or at ''; linking object as if no debug info
glfw3.lib(win32_joystick.obj) : warning LNK4099: PDB '' was not found with 'glfw3.lib(win32_joystick.obj)' or at ''; linking object as if no debug info
glfw3.lib(win32_monitor.obj) : warning LNK4099: PDB '' was not found with 'glfw3.lib(win32_monitor.obj)' or at ''; linking object as if no debug info
glfw3.lib(win32_window.obj) : warning LNK4099: PDB '' was not found with 'glfw3.lib(win32_window.obj)' or at ''; linking object as if no debug info
glfw3.lib(wgl_context.obj) : warning LNK4099: PDB '' was not found with 'glfw3.lib(wgl_context.obj)' or at ''; linking object as if no debug info
  GLFWExternalOverlay.vcxproj -> C:\Users\Adamok\source\repos\GLFWExternalOverlay\Release\GLFWExternalOverlay.exe
